mode: set
github.com/sachinmaharana/kv/handlers.go:14.84,16.2 1 1
github.com/sachinmaharana/kv/handlers.go:18.72,23.22 4 1
github.com/sachinmaharana/kv/handlers.go:27.2,27.16 1 1
github.com/sachinmaharana/kv/handlers.go:32.2,32.29 1 1
github.com/sachinmaharana/kv/handlers.go:23.22,26.3 2 1
github.com/sachinmaharana/kv/handlers.go:27.16,31.3 3 1
github.com/sachinmaharana/kv/handlers.go:44.72,48.34 3 1
github.com/sachinmaharana/kv/handlers.go:53.2,54.18 2 1
github.com/sachinmaharana/kv/handlers.go:60.2,61.16 2 1
github.com/sachinmaharana/kv/handlers.go:65.2,69.30 4 1
github.com/sachinmaharana/kv/handlers.go:48.34,51.3 2 1
github.com/sachinmaharana/kv/handlers.go:54.18,56.3 1 1
github.com/sachinmaharana/kv/handlers.go:56.8,58.3 1 1
github.com/sachinmaharana/kv/handlers.go:61.16,64.3 2 1
github.com/sachinmaharana/kv/handlers.go:72.72,75.40 2 1
github.com/sachinmaharana/kv/handlers.go:85.2,86.16 2 1
github.com/sachinmaharana/kv/handlers.go:92.2,96.16 3 1
github.com/sachinmaharana/kv/handlers.go:100.2,100.30 1 1
github.com/sachinmaharana/kv/handlers.go:75.40,77.34 2 1
github.com/sachinmaharana/kv/handlers.go:77.34,81.4 3 0
github.com/sachinmaharana/kv/handlers.go:86.16,91.3 3 0
github.com/sachinmaharana/kv/handlers.go:96.16,99.3 2 0
github.com/sachinmaharana/kv/main.go:35.13,55.16 9 0
github.com/sachinmaharana/kv/main.go:59.2,70.12 5 0
github.com/sachinmaharana/kv/main.go:76.2,82.12 6 0
github.com/sachinmaharana/kv/main.go:55.16,57.3 1 0
github.com/sachinmaharana/kv/main.go:70.12,71.46 1 0
github.com/sachinmaharana/kv/main.go:71.46,73.4 1 0
github.com/sachinmaharana/kv/main.go:85.54,91.44 2 0
github.com/sachinmaharana/kv/main.go:94.2,94.20 1 0
github.com/sachinmaharana/kv/main.go:91.44,93.3 1 0
github.com/sachinmaharana/kv/routes.go:28.13,30.2 1 1
github.com/sachinmaharana/kv/routes.go:32.47,40.70 7 1
github.com/sachinmaharana/kv/routes.go:43.2,44.15 2 1
github.com/sachinmaharana/kv/routes.go:40.70,42.3 1 0
github.com/sachinmaharana/kv/routes.go:52.49,55.2 2 1
github.com/sachinmaharana/kv/routes.go:57.63,59.2 1 1
github.com/sachinmaharana/kv/routes.go:61.78,62.71 1 1
github.com/sachinmaharana/kv/routes.go:62.71,73.3 8 1
